[2023-06-12T12:12:37.207+0530] {taskinstance.py:1125} INFO - Dependencies all met for dep_context=non-requeueable deps ti=<TaskInstance: storm_top.send_email_task manual__2023-06-12T06:42:01.089509+00:00 [queued]>
[2023-06-12T12:12:37.227+0530] {taskinstance.py:1125} INFO - Dependencies all met for dep_context=requeueable deps ti=<TaskInstance: storm_top.send_email_task manual__2023-06-12T06:42:01.089509+00:00 [queued]>
[2023-06-12T12:12:37.227+0530] {taskinstance.py:1331} INFO - Starting attempt 1 of 1
[2023-06-12T12:12:37.279+0530] {taskinstance.py:1350} INFO - Executing <Task(PythonOperator): send_email_task> on 2023-06-12 06:42:01.089509+00:00
[2023-06-12T12:12:37.287+0530] {standard_task_runner.py:57} INFO - Started process 10281 to run task
[2023-06-12T12:12:37.307+0530] {standard_task_runner.py:84} INFO - Running: ['airflow', 'tasks', 'run', 'storm_top', 'send_email_task', 'manual__2023-06-12T06:42:01.089509+00:00', '--job-id', '927', '--raw', '--subdir', 'DAGS_FOLDER/dag.py', '--cfg-path', '/tmp/tmpbhpmmcz2']
[2023-06-12T12:12:37.321+0530] {standard_task_runner.py:85} INFO - Job 927: Subtask send_email_task
[2023-06-12T12:12:37.549+0530] {task_command.py:410} INFO - Running <TaskInstance: storm_top.send_email_task manual__2023-06-12T06:42:01.089509+00:00 [running]> on host nizam-HP-15-Notebook-PC
[2023-06-12T12:12:37.969+0530] {taskinstance.py:1568} INFO - Exporting env vars: AIRFLOW_CTX_DAG_OWNER='airflow' AIRFLOW_CTX_DAG_ID='storm_top' AIRFLOW_CTX_TASK_ID='send_email_task' AIRFLOW_CTX_EXECUTION_DATE='2023-06-12T06:42:01.089509+00:00' AIRFLOW_CTX_TRY_NUMBER='1' AIRFLOW_CTX_DAG_RUN_ID='manual__2023-06-12T06:42:01.089509+00:00'
[2023-06-12T12:12:38.010+0530] {taskinstance.py:1847} ERROR - Task failed with exception
Traceback (most recent call last):
  File "/home/nizam/env_airflow/lib/python3.10/site-packages/airflow/operators/python.py", line 181, in execute
    return_value = self.execute_callable()
  File "/home/nizam/env_airflow/lib/python3.10/site-packages/airflow/operators/python.py", line 198, in execute_callable
    return self.python_callable(*self.op_args, **self.op_kwargs)
TypeError: send_email() missing 1 required positional argument: 'context'
[2023-06-12T12:12:38.095+0530] {taskinstance.py:1368} INFO - Marking task as FAILED. dag_id=storm_top, task_id=send_email_task, execution_date=20230612T064201, start_date=20230612T064237, end_date=20230612T064238
[2023-06-12T12:12:38.252+0530] {standard_task_runner.py:104} ERROR - Failed to execute job 927 for task send_email_task (send_email() missing 1 required positional argument: 'context'; 10281)
[2023-06-12T12:12:38.285+0530] {local_task_job_runner.py:232} INFO - Task exited with return code 1
[2023-06-12T12:12:38.457+0530] {taskinstance.py:2674} INFO - 0 downstream tasks scheduled from follow-on schedule check
