[2023-05-19T01:52:44.399+0530] {taskinstance.py:1125} INFO - Dependencies all met for dep_context=non-requeueable deps ti=<TaskInstance: storm_topology1.submit_topology scheduled__2023-05-16T00:07:00+00:00 [queued]>
[2023-05-19T01:52:44.414+0530] {taskinstance.py:1125} INFO - Dependencies all met for dep_context=requeueable deps ti=<TaskInstance: storm_topology1.submit_topology scheduled__2023-05-16T00:07:00+00:00 [queued]>
[2023-05-19T01:52:44.414+0530] {taskinstance.py:1331} INFO - Starting attempt 1 of 1
[2023-05-19T01:52:44.440+0530] {taskinstance.py:1350} INFO - Executing <Task(PythonOperator): submit_topology> on 2023-05-16 00:07:00+00:00
[2023-05-19T01:52:44.448+0530] {standard_task_runner.py:57} INFO - Started process 16455 to run task
[2023-05-19T01:52:44.457+0530] {standard_task_runner.py:84} INFO - Running: ['airflow', 'tasks', 'run', 'storm_topology1', 'submit_topology', 'scheduled__2023-05-16T00:07:00+00:00', '--job-id', '561', '--raw', '--subdir', 'DAGS_FOLDER/kafkastorm.py', '--cfg-path', '/tmp/tmphmoai19q']
[2023-05-19T01:52:44.458+0530] {standard_task_runner.py:85} INFO - Job 561: Subtask submit_topology
[2023-05-19T01:52:44.554+0530] {task_command.py:410} INFO - Running <TaskInstance: storm_topology1.submit_topology scheduled__2023-05-16T00:07:00+00:00 [running]> on host nizam-HP-15-Notebook-PC
[2023-05-19T01:52:44.659+0530] {taskinstance.py:1568} INFO - Exporting env vars: AIRFLOW_CTX_DAG_OWNER='airflow' AIRFLOW_CTX_DAG_ID='storm_topology1' AIRFLOW_CTX_TASK_ID='submit_topology' AIRFLOW_CTX_EXECUTION_DATE='2023-05-16T00:07:00+00:00' AIRFLOW_CTX_TRY_NUMBER='1' AIRFLOW_CTX_DAG_RUN_ID='scheduled__2023-05-16T00:07:00+00:00'
[2023-05-19T01:52:44.662+0530] {taskinstance.py:1847} ERROR - Task failed with exception
Traceback (most recent call last):
  File "/home/nizam/env_airflow/lib/python3.10/site-packages/airflow/operators/python.py", line 181, in execute
    return_value = self.execute_callable()
  File "/home/nizam/env_airflow/lib/python3.10/site-packages/airflow/operators/python.py", line 198, in execute_callable
    return self.python_callable(*self.op_args, **self.op_kwargs)
  File "/home/nizam/airflow/dags/kafkastorm.py", line 188, in run_submit_topology
    subprocess.Popen(['xterm', '-e', 'cd /home/nizam/project/Kafka-Storm && sparse run --name first_topology'])
  File "/usr/lib/python3.10/subprocess.py", line 969, in __init__
    self._execute_child(args, executable, preexec_fn, close_fds,
  File "/usr/lib/python3.10/subprocess.py", line 1845, in _execute_child
    raise child_exception_type(errno_num, err_msg, err_filename)
FileNotFoundError: [Errno 2] No such file or directory: 'xterm'
[2023-05-19T01:52:44.672+0530] {taskinstance.py:1368} INFO - Marking task as FAILED. dag_id=storm_topology1, task_id=submit_topology, execution_date=20230516T000700, start_date=20230518T202244, end_date=20230518T202244
[2023-05-19T01:52:44.693+0530] {standard_task_runner.py:104} ERROR - Failed to execute job 561 for task submit_topology ([Errno 2] No such file or directory: 'xterm'; 16455)
[2023-05-19T01:52:44.716+0530] {local_task_job_runner.py:232} INFO - Task exited with return code 1
[2023-05-19T01:52:44.731+0530] {taskinstance.py:2674} INFO - 0 downstream tasks scheduled from follow-on schedule check
