[2023-05-16T11:43:53.471+0530] {taskinstance.py:1125} INFO - Dependencies all met for dep_context=non-requeueable deps ti=<TaskInstance: run_storm_topology.run_topology manual__2023-05-16T06:13:39.398215+00:00 [queued]>
[2023-05-16T11:43:53.480+0530] {taskinstance.py:1125} INFO - Dependencies all met for dep_context=requeueable deps ti=<TaskInstance: run_storm_topology.run_topology manual__2023-05-16T06:13:39.398215+00:00 [queued]>
[2023-05-16T11:43:53.480+0530] {taskinstance.py:1331} INFO - Starting attempt 1 of 1
[2023-05-16T11:43:53.496+0530] {taskinstance.py:1350} INFO - Executing <Task(BashOperator): run_topology> on 2023-05-16 06:13:39.398215+00:00
[2023-05-16T11:43:53.500+0530] {standard_task_runner.py:57} INFO - Started process 13379 to run task
[2023-05-16T11:43:53.505+0530] {standard_task_runner.py:84} INFO - Running: ['airflow', 'tasks', 'run', 'run_storm_topology', 'run_topology', 'manual__2023-05-16T06:13:39.398215+00:00', '--job-id', '235', '--raw', '--subdir', 'DAGS_FOLDER/kafkastorm.py', '--cfg-path', '/tmp/tmp85vu5b04']
[2023-05-16T11:43:53.507+0530] {standard_task_runner.py:85} INFO - Job 235: Subtask run_topology
[2023-05-16T11:43:53.555+0530] {task_command.py:410} INFO - Running <TaskInstance: run_storm_topology.run_topology manual__2023-05-16T06:13:39.398215+00:00 [running]> on host nizam-HP-15-Notebook-PC
[2023-05-16T11:43:53.625+0530] {taskinstance.py:1568} INFO - Exporting env vars: AIRFLOW_CTX_DAG_OWNER='airflow' AIRFLOW_CTX_DAG_ID='run_storm_topology' AIRFLOW_CTX_TASK_ID='run_topology' AIRFLOW_CTX_EXECUTION_DATE='2023-05-16T06:13:39.398215+00:00' AIRFLOW_CTX_TRY_NUMBER='1' AIRFLOW_CTX_DAG_RUN_ID='manual__2023-05-16T06:13:39.398215+00:00'
[2023-05-16T11:43:53.629+0530] {subprocess.py:63} INFO - Tmp dir root location: 
 /tmp
[2023-05-16T11:43:53.631+0530] {subprocess.py:75} INFO - Running command: ['/usr/bin/bash', '-c', 'storm jar /home/nizam/project/project/storm/project/Kafka-Storm/target/my_topology-1.0.jar org.apache.storm.flux.Flux --local /home/nizam/project/project/storm/project/Kafka-Storm/first_topology.py']
[2023-05-16T11:43:53.641+0530] {subprocess.py:86} INFO - Output:
[2023-05-16T11:44:04.322+0530] {subprocess.py:93} INFO - Running: /usr/lib/jvm/java-11-openjdk-amd64/bin/java -client -Ddaemon.name= -Dstorm.options= -Dstorm.home=/home/nizam/Downloads/apache-storm-1.2.3 -Dstorm.log.dir=/home/nizam/Downloads/apache-storm-1.2.3/logs -Djava.library.path=/usr/local/lib:/opt/local/lib:/usr/lib -Dstorm.conf.file= -cp /home/nizam/Downloads/apache-storm-1.2.3/*:/home/nizam/Downloads/apache-storm-1.2.3/lib/*:/home/nizam/Downloads/apache-storm-1.2.3/extlib/*:/home/nizam/project/project/storm/project/Kafka-Storm/target/my_topology-1.0.jar://home/nizam/Downloads/apache-storm-1.2.3/conf:/home/nizam/Downloads/apache-storm-1.2.3/bin -Dstorm.jar=/home/nizam/project/project/storm/project/Kafka-Storm/target/my_topology-1.0.jar -Dstorm.dependency.jars= -Dstorm.dependency.artifacts={} org.apache.storm.flux.Flux --local /home/nizam/project/project/storm/project/Kafka-Storm/first_topology.py
[2023-05-16T11:44:04.453+0530] {subprocess.py:93} INFO - Error: Could not find or load main class org.apache.storm.flux.Flux
[2023-05-16T11:44:04.453+0530] {subprocess.py:93} INFO - Caused by: java.lang.ClassNotFoundException: org.apache.storm.flux.Flux
[2023-05-16T11:44:04.458+0530] {subprocess.py:97} INFO - Command exited with return code 1
[2023-05-16T11:44:04.471+0530] {taskinstance.py:1847} ERROR - Task failed with exception
Traceback (most recent call last):
  File "/home/nizam/env_airflow/lib/python3.10/site-packages/airflow/operators/bash.py", line 210, in execute
    raise AirflowException(
airflow.exceptions.AirflowException: Bash command failed. The command returned a non-zero exit code 1.
[2023-05-16T11:44:04.477+0530] {taskinstance.py:1368} INFO - Marking task as FAILED. dag_id=run_storm_topology, task_id=run_topology, execution_date=20230516T061339, start_date=20230516T061353, end_date=20230516T061404
[2023-05-16T11:44:04.499+0530] {standard_task_runner.py:104} ERROR - Failed to execute job 235 for task run_topology (Bash command failed. The command returned a non-zero exit code 1.; 13379)
[2023-05-16T11:44:04.509+0530] {local_task_job_runner.py:232} INFO - Task exited with return code 1
[2023-05-16T11:44:04.529+0530] {taskinstance.py:2674} INFO - 0 downstream tasks scheduled from follow-on schedule check
